<?xml version="1.0" encoding="UTF-8"?>
<!-- Generated by org.testng.reporters.JUnitReportReporter -->
<testsuite hostname="DESKTOP-AF64I13" failures="0" tests="1" name="testcase.PatientRegister" time="4.234" errors="0" timestamp="2024-07-25T17:27:05 ALMT" skipped="0">
  <testcase classname="testcase.PatientRegister" name="PatientRegisterTest" time="4.234"/>
  <system-out/>
</testsuite> <!-- testcase.PatientRegister -->
