<?xml version="1.0" encoding="UTF-8"?>
<!-- Generated by org.testng.reporters.JUnitReportReporter -->
<testsuite hostname="DESKTOP-AF64I13" failures="0" tests="1" name="testcase.MyFirsTestFW" time="0.103" errors="0" timestamp="2024-06-18T11:48:36 ALMT" skipped="0">
  <testcase classname="testcase.MyFirsTestFW" name="RegisterTest" time="0.103"/>
  <system-out/>
</testsuite> <!-- testcase.MyFirsTestFW -->
