<?xml version="1.0" encoding="UTF-8"?>
<!-- Generated by org.testng.reporters.JUnitReportReporter -->
<testsuite hostname="DESKTOP-AF64I13" failures="0" tests="1" name="testcase.LoginTest" time="6.395" errors="0" timestamp="2024-06-18T14:27:55 ALMT" skipped="0">
  <testcase classname="testcase.LoginTest" name="Login" time="6.395"/>
  <system-out/>
</testsuite> <!-- testcase.LoginTest -->
