<?xml version="1.0" encoding="UTF-8"?>
<!-- Generated by org.testng.reporters.JUnitReportReporter -->
<testsuite hostname="DESKTOP-AF64I13" failures="0" tests="10" name="testcase.HomepageTest" time="65.600" errors="0" timestamp="2024-08-05T17:16:04 ALMT" skipped="0">
  <testcase classname="testcase.HomepageTest" name="docList" time="7.454"/>
  <system-out/>
  <testcase classname="testcase.HomepageTest" name="MenuLinksTest" time="5.326"/>
  <system-out/>
  <testcase classname="testcase.HomepageTest" name="HomepageSmokeTest" time="5.031"/>
  <system-out/>
  <testcase classname="testcase.HomepageTest" name="HowItWorks" time="7.545"/>
  <system-out/>
  <testcase classname="testcase.HomepageTest" name="footerText" time="5.398"/>
  <system-out/>
  <testcase classname="testcase.HomepageTest" name="FAQ" time="7.098"/>
  <system-out/>
  <testcase classname="testcase.HomepageTest" name="loginButtonTest" time="7.630"/>
  <system-out/>
  <testcase classname="testcase.HomepageTest" name="Advantages" time="9.424"/>
  <system-out/>
  <testcase classname="testcase.HomepageTest" name="langSwitcherTest" time="5.657"/>
  <system-out/>
  <testcase classname="testcase.HomepageTest" name="logoCheck" time="5.037"/>
  <system-out/>
</testsuite> <!-- testcase.HomepageTest -->
