<?xml version="1.0" encoding="UTF-8"?>
<!-- Generated by org.testng.reporters.JUnitReportReporter -->
<testsuite hostname="DESKTOP-AF64I13" failures="0" tests="1" name="testcase.MyFirsTestFW" time="12.477" errors="0" timestamp="2024-06-19T10:13:06 ALMT" skipped="0">
  <testcase classname="testcase.MyFirsTestFW" name="RegisterTest" time="12.477"/>
  <system-out/>
</testsuite> <!-- testcase.MyFirsTestFW -->
