<?xml version="1.0" encoding="UTF-8"?>
<!-- Generated by org.testng.reporters.JUnitReportReporter -->
<testsuite hostname="DESKTOP-AF64I13" failures="0" tests="5" name="testcase.LoginTest" time="43.279" errors="0" timestamp="2024-07-24T09:11:01 ALMT" skipped="0">
  <testcase classname="testcase.LoginTest" name="Login" time="8.632"/>
  <system-out/>
  <testcase classname="testcase.LoginTest" name="Login" time="8.580"/>
  <system-out/>
  <testcase classname="testcase.LoginTest" name="Login" time="8.840"/>
  <system-out/>
  <testcase classname="testcase.LoginTest" name="Login" time="8.380"/>
  <system-out/>
  <testcase classname="testcase.LoginTest" name="Login" time="8.847"/>
  <system-out/>
</testsuite> <!-- testcase.LoginTest -->
