<?xml version="1.0" encoding="UTF-8"?>
<!-- Generated by org.testng.reporters.JUnitReportReporter -->
<testsuite hostname="DESKTOP-AF64I13" failures="0" tests="1" name="testcase.MyFirsTestFW" time="12.499" errors="0" timestamp="2024-06-18T13:59:55 ALMT" skipped="0">
  <testcase classname="testcase.MyFirsTestFW" name="RegisterTest" time="12.499"/>
  <system-out/>
</testsuite> <!-- testcase.MyFirsTestFW -->
