<?xml version="1.0" encoding="UTF-8"?>
<!-- Generated by org.testng.reporters.JUnitReportReporter -->
<testsuite hostname="DESKTOP-AF64I13" failures="0" tests="1" name="testcase.LoginTestLaptop" time="6.866" errors="0" timestamp="2024-07-12T13:46:50 ALMT" skipped="0">
  <testcase classname="testcase.LoginTestLaptop" name="LoginLaptop" time="6.866"/>
  <system-out/>
</testsuite> <!-- testcase.LoginTestLaptop -->
