<?xml version="1.0" encoding="UTF-8"?>
<!-- Generated by org.testng.reporters.JUnitReportReporter -->
<testsuite hostname="DESKTOP-AF64I13" failures="0" tests="1" name="testcase.DoctorRegister" time="18.150" errors="0" timestamp="2024-08-05T10:23:56 ALMT" skipped="0">
  <testcase classname="testcase.DoctorRegister" name="DoctorRegisterTest" time="18.150"/>
  <system-out/>
</testsuite> <!-- testcase.DoctorRegister -->
