<?xml version="1.0" encoding="UTF-8"?>
<!-- Generated by org.testng.reporters.JUnitReportReporter -->
<testsuite hostname="DESKTOP-AF64I13" failures="0" tests="1" name="testcase.MyFirsTestFW" time="12.454" errors="0" timestamp="2024-06-19T13:18:04 ALMT" skipped="0">
  <testcase classname="testcase.MyFirsTestFW" name="RegisterTest" time="12.454"/>
  <system-out/>
</testsuite> <!-- testcase.MyFirsTestFW -->
