<?xml version="1.0" encoding="UTF-8"?>
<!-- Generated by org.testng.reporters.JUnitReportReporter -->
<testsuite hostname="DESKTOP-AF64I13" failures="0" tests="3" name="testcase.LoginTest" time="44.597" errors="0" timestamp="2024-07-22T15:48:50 ALMT" skipped="0">
  <testcase classname="testcase.LoginTest" name="Login" time="15.199"/>
  <system-out/>
  <testcase classname="testcase.LoginTest" name="Login" time="13.329"/>
  <system-out/>
  <testcase classname="testcase.LoginTest" name="Login" time="16.069"/>
  <system-out/>
</testsuite> <!-- testcase.LoginTest -->
