<?xml version="1.0" encoding="UTF-8"?>
<!-- Generated by org.testng.reporters.JUnitReportReporter -->
<testsuite hostname="DESKTOP-AF64I13" failures="0" tests="6" name="testcase.LoginTest" time="74.035" errors="0" timestamp="2024-07-23T10:13:33 ALMT" skipped="0">
  <testcase classname="testcase.LoginTest" name="Login" time="13.712"/>
  <system-out/>
  <testcase classname="testcase.LoginTest" name="Login" time="12.219"/>
  <system-out/>
  <testcase classname="testcase.LoginTest" name="Login" time="11.935"/>
  <system-out/>
  <testcase classname="testcase.LoginTest" name="Login" time="12.185"/>
  <system-out/>
  <testcase classname="testcase.LoginTest" name="Login" time="11.785"/>
  <system-out/>
  <testcase classname="testcase.LoginTest" name="Login" time="12.199"/>
  <system-out/>
</testsuite> <!-- testcase.LoginTest -->
